TN:
SF:funcionalidad.js
FN:6,init
FN:27,(anonymous_1)
FN:30,(anonymous_2)
FN:33,(anonymous_3)
FN:36,(anonymous_4)
FN:39,(anonymous_5)
FN:42,(anonymous_6)
FN:45,(anonymous_7)
FN:48,(anonymous_8)
FN:51,(anonymous_9)
FN:54,(anonymous_10)
FN:57,(anonymous_11)
FN:60,(anonymous_12)
FN:65,(anonymous_13)
FN:70,(anonymous_14)
FN:75,(anonymous_15)
FN:80,(anonymous_16)
FN:87,limpiar
FN:91,resetear
FN:98,resolver
FNF:20
FNH:9
FNDA:6,init
FNDA:9,(anonymous_1)
FNDA:1,(anonymous_2)
FNDA:0,(anonymous_3)
FNDA:0,(anonymous_4)
FNDA:0,(anonymous_5)
FNDA:0,(anonymous_6)
FNDA:0,(anonymous_7)
FNDA:0,(anonymous_8)
FNDA:0,(anonymous_9)
FNDA:0,(anonymous_10)
FNDA:0,(anonymous_11)
FNDA:3,(anonymous_12)
FNDA:1,(anonymous_13)
FNDA:0,(anonymous_14)
FNDA:0,(anonymous_15)
FNDA:3,(anonymous_16)
FNDA:5,limpiar
FNDA:5,resetear
FNDA:4,resolver
DA:8,6
DA:9,6
DA:10,6
DA:11,6
DA:12,6
DA:13,6
DA:14,6
DA:15,6
DA:16,6
DA:17,6
DA:18,6
DA:19,6
DA:20,6
DA:21,6
DA:22,6
DA:23,6
DA:24,6
DA:27,6
DA:28,9
DA:30,6
DA:31,1
DA:33,6
DA:34,0
DA:36,6
DA:37,0
DA:39,6
DA:40,0
DA:42,6
DA:43,0
DA:45,6
DA:46,0
DA:48,6
DA:49,0
DA:51,6
DA:52,0
DA:54,6
DA:55,0
DA:57,6
DA:58,0
DA:60,6
DA:61,3
DA:62,3
DA:63,3
DA:65,6
DA:66,1
DA:67,1
DA:68,1
DA:70,6
DA:71,0
DA:72,0
DA:73,0
DA:75,6
DA:76,0
DA:77,0
DA:78,0
DA:80,6
DA:81,3
DA:82,3
DA:88,5
DA:92,5
DA:93,5
DA:94,5
DA:95,5
DA:99,4
DA:100,4
DA:102,2
DA:103,2
DA:105,1
DA:106,1
DA:108,0
DA:109,0
DA:111,0
DA:112,0
DA:114,4
DA:115,4
DA:118,1
LF:76
LH:57
BRDA:100,0,0,2
BRDA:100,0,1,1
BRDA:100,0,2,0
BRDA:100,0,3,0
BRF:4
BRH:2
end_of_record
