<?xml version="1.0" encoding="UTF-8"?>
<testsuite xmlns:xsi="http://www.w3.org/2001/XMLSchema-instance" xsi:noNamespaceSchemaLocation="https://maven.apache.org/surefire/maven-surefire-plugin/xsd/surefire-test-report-3.0.xsd" version="3.0" name="com.company.AvionDAOH2Test" time="1.979" tests="4" errors="0" skipped="0" failures="0">
  <properties>
[...]
</properties>
  <testcase name="buscar" classname="com.company.AvionDAOH2Test" time="1.532">
    <system-out><![CDATA[[2023-05-21 13:28:01] [ INFO  ] [AvionDAOH2:43] Avión registrado en la base de datos
[2023-05-21 13:28:01] [ INFO  ] [AvionDAOH2:43] Avión registrado en la base de datos
[2023-05-21 13:28:01] [ INFO  ] [AvionDAOH2:138] Avión encontrado
[2023-05-21 13:28:01] [ INFO  ] [AvionDAOH2:138] Avión encontrado
[2023-05-21 13:28:01] [ INFO  ] [AvionDAOH2:83] Avión eliminado de la base de datos
[2023-05-21 13:28:01] [ INFO  ] [AvionDAOH2:83] Avión eliminado de la base de datos
]]></system-out>
  </testcase>
  <testcase name="registrar" classname="com.company.AvionDAOH2Test" time="0.057">
    <system-out><![CDATA[[2023-05-21 13:28:01] [ INFO  ] [AvionDAOH2:43] Avión registrado en la base de datos
[2023-05-21 13:28:01] [ INFO  ] [AvionDAOH2:43] Avión registrado en la base de datos
[2023-05-21 13:28:01] [ INFO  ] [AvionDAOH2:83] Avión eliminado de la base de datos
[2023-05-21 13:28:01] [ INFO  ] [AvionDAOH2:83] Avión eliminado de la base de datos
]]></system-out>
  </testcase>
  <testcase name="eliminar" classname="com.company.AvionDAOH2Test" time="0.047">
    <system-out><![CDATA[[2023-05-21 13:28:01] [ INFO  ] [AvionDAOH2:43] Avión registrado en la base de datos
[2023-05-21 13:28:01] [ INFO  ] [AvionDAOH2:83] Avión eliminado de la base de datos
[2023-05-21 13:28:01] [ INFO  ] [AvionDAOH2:138] Avión encontrado
]]></system-out>
  </testcase>
  <testcase name="buscarTodos" classname="com.company.AvionDAOH2Test" time="0.089">
    <system-out><![CDATA[[2023-05-21 13:28:01] [ INFO  ] [AvionDAOH2:43] Avión registrado en la base de datos
[2023-05-21 13:28:01] [ INFO  ] [AvionDAOH2:43] Avión registrado en la base de datos
[2023-05-21 13:28:01] [ INFO  ] [AvionDAOH2:176] Lista de aviones devuelta
[2023-05-21 13:28:01] [ INFO  ] [AvionDAOH2:83] Avión eliminado de la base de datos
[2023-05-21 13:28:01] [ INFO  ] [AvionDAOH2:83] Avión eliminado de la base de datos
]]></system-out>
  </testcase>
</testsuite>